<?xml version="1.0" encoding="UTF-8"?>
<!-- Generated by org.testng.reporters.JUnitXMLReporter -->
<testsuite hostname="LAPTOP-JEI8AS0O" ignored="1" name="Test" tests="6" failures="0" timestamp="2022-06-26T14:54:55 EDT" time="44.768" errors="0">
  <testcase name="LoginUnSuccessful_002" time="3.533" classname="testcases.LoginTest"/>
  <testcase name="LoginSuccess_001" time="3.8" classname="testcases.LoginTest"/>
  <testcase name="getDashboardQuickLaunchItems_004" time="2.69" classname="testcases.DashboardTest"/>
  <testcase name="getDashboardQuickLaunchItemsCount_006" time="2.59" classname="testcases.DashboardTest"/>
  <testcase name="getMyInfoSideMenuItems_005" time="7.091" classname="testcases.MyInfoTest"/>
  <testcase name="getMyInfoSideMenuItemsCount_007" time="7.251" classname="testcases.MyInfoTest"/>
  <testcase name="ForgotPassword_003" time="0.0" classname="testcases.LoginTest">
    <ignored/>
  </testcase> <!-- ForgotPassword_003 -->
</testsuite> <!-- Test -->
